Wed Mar 01 07:41:45 CET 2023
MaxEnt version 3.4.3
Reading file absence
readGrid: max memory 536870912, total allocated 270532608, free 257498048, used 13034560, increment 13034560
Reading samples from presence
Read samples: max memory 536870912, total allocated 270532608, free 252935568, used 17597040, increment 4562480
Adding samples to background in feature space
Command line used:  autorun -e /Users/ridwanshittu/Documents/ENM_2023/SDM-DiMoC-Workshop1/results/maxent_prj_svs/absence -o /Users/ridwanshittu/Documents/ENM_2023/SDM-DiMoC-Workshop1/results/maxent_prj_svs -s /Users/ridwanshittu/Documents/ENM_2023/SDM-DiMoC-Workshop1/results/maxent_prj_svs/presence -z noautofeature linear quadratic hinge product threshold responsecurves jackknife outputformat=logistic outputfiletype=asc norandomseed removeduplicates betamultiplier=1 writeplotdata extrapolate doclamp
Command line to repeat: java density.MaxEnt nowarnings noprefixes responsecurves jackknife outputformat=logistic outputdirectory=/Users/ridwanshittu/Documents/ENM_2023/SDM-DiMoC-Workshop1/results/maxent_prj_svs samplesfile=/Users/ridwanshittu/Documents/ENM_2023/SDM-DiMoC-Workshop1/results/maxent_prj_svs/presence environmentallayers=/Users/ridwanshittu/Documents/ENM_2023/SDM-DiMoC-Workshop1/results/maxent_prj_svs/absence threshold autorun writeplotdata novisible noautofeature
Species: species
Layers: wc2.1_2.5m_bio_1 wc2.1_2.5m_bio_12 wc2.1_2.5m_bio_13 wc2.1_2.5m_bio_15 wc2.1_2.5m_bio_16 wc2.1_2.5m_bio_19 wc2.1_2.5m_bio_4 wc2.1_2.5m_bio_7 wc2.1_2.5m_bio_8
Layertypes: Continuous Continuous Continuous Continuous Continuous Continuous Continuous Continuous Continuous
responsecurves: true
jackknife: true
outputformat: logistic
outputdirectory: /Users/ridwanshittu/Documents/ENM_2023/SDM-DiMoC-Workshop1/results/maxent_prj_svs
samplesfile: /Users/ridwanshittu/Documents/ENM_2023/SDM-DiMoC-Workshop1/results/maxent_prj_svs/presence
environmentallayers: /Users/ridwanshittu/Documents/ENM_2023/SDM-DiMoC-Workshop1/results/maxent_prj_svs/absence
threshold: true
autorun: true
writeplotdata: true
visible: false
autofeature: false

getSamples: max memory 536870912, total allocated 270532608, free 249789840, used 20742768, increment 3145728
Making features
makeFeatures: max memory 536870912, total allocated 270532608, free 245366016, used 25166592, increment 4423824
species: 
Regularization values: linear/quadratic/product: 0.050, categorical: 0.250, threshold: 1.000, hinge: 0.500
204 samples
Density: max memory 536870912, total allocated 270532608, free 224034400, used 46498208, increment 21331616
linearPredictor: max memory 536870912, total allocated 270532608, free 223967024, used 46565584, increment 67376
FeaturedSpace: max memory 536870912, total allocated 270532608, free 223967024, used 46565584, increment 0
Sequential: max memory 536870912, total allocated 270532608, free 223967024, used 46565584, increment 0
Initial loss: 9.038365107236372
Time since start: 14.534
500: time = 14,132000 loss = 7,626087
Resulting gain: 1.4122776399888277
Projecting...
Writing file /Users/ridwanshittu/Documents/ENM_2023/SDM-DiMoC-Workshop1/results/maxent_prj_svs/species.csv
species response curves
Response curve: only wc2.1_2.5m_bio_1
Making features
makeFeatures: max memory 536870912, total allocated 270532608, free 229809952, used 40722656, increment -5842928
species wc2.1_2.5m_bio_1: 
Regularization values: linear/quadratic/product: 0.050, categorical: 0.250, threshold: 1.000, hinge: 0.500
204 samples
Density: max memory 536870912, total allocated 270532608, free 227123184, used 43409424, increment 2686768
linearPredictor: max memory 536870912, total allocated 270532608, free 227055808, used 43476800, increment 67376
FeaturedSpace: max memory 536870912, total allocated 270532608, free 227055808, used 43476800, increment 0
Sequential: max memory 536870912, total allocated 270532608, free 227055808, used 43476800, increment 0
Initial loss: 9.038365107236372
Time since start: 18.533
480: time = 3,211000 loss = 8,303088
Resulting gain: 0.7352771735196324
species response curves
Response curve: only wc2.1_2.5m_bio_12
Making features
makeFeatures: max memory 536870912, total allocated 270532608, free 231701680, used 38830928, increment -4645872
species wc2.1_2.5m_bio_12: 
Regularization values: linear/quadratic/product: 0.050, categorical: 0.250, threshold: 1.000, hinge: 0.500
204 samples
Density: max memory 536870912, total allocated 270532608, free 230194144, used 40338464, increment 1507536
linearPredictor: max memory 536870912, total allocated 270532608, free 230194144, used 40338464, increment 0
FeaturedSpace: max memory 536870912, total allocated 270532608, free 230194144, used 40338464, increment 0
Sequential: max memory 536870912, total allocated 270532608, free 230194144, used 40338464, increment 0
Initial loss: 9.038365107236372
140: time = 0,251000 loss = 8,870558
Resulting gain: 0.16780730085729267
species response curves
Response curve: only wc2.1_2.5m_bio_13
Making features
makeFeatures: max memory 536870912, total allocated 270532608, free 167279584, used 103253024, increment 62914560
species wc2.1_2.5m_bio_13: 
Regularization values: linear/quadratic/product: 0.050, categorical: 0.250, threshold: 1.000, hinge: 0.500
204 samples
Density: max memory 536870912, total allocated 270532608, free 166198544, used 104334064, increment 1081040
linearPredictor: max memory 536870912, total allocated 270532608, free 166131168, used 104401440, increment 67376
FeaturedSpace: max memory 536870912, total allocated 270532608, free 166131168, used 104401440, increment 0
Sequential: max memory 536870912, total allocated 270532608, free 166131168, used 104401440, increment 0
Initial loss: 9.038365107236372
240: time = 0,277000 loss = 8,899106
Resulting gain: 0.13925861318062438
species response curves
Response curve: only wc2.1_2.5m_bio_15
Making features
makeFeatures: max memory 536870912, total allocated 270532608, free 141998192, used 128534416, increment 24132976
species wc2.1_2.5m_bio_15: 
Regularization values: linear/quadratic/product: 0.050, categorical: 0.250, threshold: 1.000, hinge: 0.500
204 samples
Density: max memory 536870912, total allocated 270532608, free 138968032, used 131564576, increment 3030160
linearPredictor: max memory 536870912, total allocated 270532608, free 138968032, used 131564576, increment 0
FeaturedSpace: max memory 536870912, total allocated 270532608, free 138968032, used 131564576, increment 0
Sequential: max memory 536870912, total allocated 270532608, free 138968032, used 131564576, increment 0
Initial loss: 9.038365107236372
Time since start: 20.782
240: time = 1,618000 loss = 8,950527
Resulting gain: 0.08783765741423721
species response curves
Response curve: only wc2.1_2.5m_bio_16
Making features
makeFeatures: max memory 536870912, total allocated 270532608, free 100785536, used 169747072, increment 38182496
species wc2.1_2.5m_bio_16: 
Regularization values: linear/quadratic/product: 0.050, categorical: 0.250, threshold: 1.000, hinge: 0.500
204 samples
Density: max memory 536870912, total allocated 270532608, free 99143648, used 171388960, increment 1641888
linearPredictor: max memory 536870912, total allocated 270532608, free 99143648, used 171388960, increment 0
FeaturedSpace: max memory 536870912, total allocated 270532608, free 99143648, used 171388960, increment 0
Sequential: max memory 536870912, total allocated 270532608, free 99143648, used 171388960, increment 0
Initial loss: 9.038365107236372
260: time = 0,318000 loss = 8,898337
Resulting gain: 0.14002796726465405
species response curves
Response curve: only wc2.1_2.5m_bio_19
Making features
makeFeatures: max memory 536870912, total allocated 270532608, free 202388352, used 68144256, increment -103244704
species wc2.1_2.5m_bio_19: 
Regularization values: linear/quadratic/product: 0.050, categorical: 0.250, threshold: 1.000, hinge: 0.500
204 samples
Density: max memory 536870912, total allocated 270532608, free 200866464, used 69666144, increment 1521888
linearPredictor: max memory 536870912, total allocated 270532608, free 200866464, used 69666144, increment 0
FeaturedSpace: max memory 536870912, total allocated 270532608, free 200866464, used 69666144, increment 0
Sequential: max memory 536870912, total allocated 270532608, free 200866464, used 69666144, increment 0
Initial loss: 9.038365107236372
220: time = 0,275000 loss = 8,766406
Resulting gain: 0.2719590812779842
species response curves
Response curve: only wc2.1_2.5m_bio_4
Making features
makeFeatures: max memory 536870912, total allocated 270532608, free 157889200, used 112643408, increment 42977264
species wc2.1_2.5m_bio_4: 
Regularization values: linear/quadratic/product: 0.050, categorical: 0.250, threshold: 1.000, hinge: 0.500
204 samples
Density: max memory 536870912, total allocated 270532608, free 155493416, used 115039192, increment 2395784
linearPredictor: max memory 536870912, total allocated 270532608, free 155493416, used 115039192, increment 0
FeaturedSpace: max memory 536870912, total allocated 270532608, free 155493416, used 115039192, increment 0
Sequential: max memory 536870912, total allocated 270532608, free 155493416, used 115039192, increment 0
Initial loss: 9.038365107236372
Time since start: 22.372
140: time = 0,916000 loss = 8,748276
Resulting gain: 0.2900891020291727
species response curves
Response curve: only wc2.1_2.5m_bio_7
Making features
makeFeatures: max memory 536870912, total allocated 270532608, free 98027072, used 172505536, increment 57466344
species wc2.1_2.5m_bio_7: 
Regularization values: linear/quadratic/product: 0.050, categorical: 0.250, threshold: 1.000, hinge: 0.500
204 samples
Density: max memory 536870912, total allocated 270532608, free 96681616, used 173850992, increment 1345456
linearPredictor: max memory 536870912, total allocated 270532608, free 96614240, used 173918368, increment 67376
FeaturedSpace: max memory 536870912, total allocated 270532608, free 96614240, used 173918368, increment 0
Sequential: max memory 536870912, total allocated 270532608, free 96614240, used 173918368, increment 0
Initial loss: 9.038365107236372
200: time = 0,670000 loss = 8,893366
Resulting gain: 0.14499934020710015
species response curves
Response curve: only wc2.1_2.5m_bio_8
Making features
makeFeatures: max memory 536870912, total allocated 270532608, free 185107288, used 85425320, increment -88493048
species wc2.1_2.5m_bio_8: 
Regularization values: linear/quadratic/product: 0.050, categorical: 0.250, threshold: 1.000, hinge: 0.500
204 samples
Density: max memory 536870912, total allocated 270532608, free 183283688, used 87248920, increment 1823600
linearPredictor: max memory 536870912, total allocated 270532608, free 183216312, used 87316296, increment 67376
FeaturedSpace: max memory 536870912, total allocated 270532608, free 183216312, used 87316296, increment 0
Sequential: max memory 536870912, total allocated 270532608, free 183216312, used 87316296, increment 0
Initial loss: 9.038365107236372
Time since start: 26.158
500: time = 3,063000 loss = 8,755130
Resulting gain: 0.28323489849493555
species response curves
Jackknife: leave wc2.1_2.5m_bio_1 out
Making features
makeFeatures: max memory 536870912, total allocated 270532608, free 226245200, used 44287408, increment -43028888
species wc2.1_2.5m_bio_1: 
Regularization values: linear/quadratic/product: 0.050, categorical: 0.250, threshold: 1.000, hinge: 0.500
204 samples
Density: max memory 536870912, total allocated 270532608, free 213710496, used 56822112, increment 12534704
linearPredictor: max memory 536870912, total allocated 270532608, free 213643120, used 56889488, increment 67376
FeaturedSpace: max memory 536870912, total allocated 270532608, free 213643120, used 56889488, increment 0
Sequential: max memory 536870912, total allocated 270532608, free 213643120, used 56889488, increment 0
Initial loss: 9.038365107236372
Time since start: 37.755
500: time = 11,188000 loss = 8,158032
Jackknife: leave wc2.1_2.5m_bio_12 out
Making features
makeFeatures: max memory 536870912, total allocated 270532608, free 180076456, used 90456152, increment 33566664
species wc2.1_2.5m_bio_12: 
Regularization values: linear/quadratic/product: 0.050, categorical: 0.250, threshold: 1.000, hinge: 0.500
204 samples
Density: max memory 536870912, total allocated 270532608, free 166720832, used 103811776, increment 13355624
linearPredictor: max memory 536870912, total allocated 270532608, free 166653456, used 103879152, increment 67376
FeaturedSpace: max memory 536870912, total allocated 270532608, free 166653456, used 103879152, increment 0
Sequential: max memory 536870912, total allocated 270532608, free 166653456, used 103879152, increment 0
Initial loss: 9.038365107236372
Time since start: 51.351
500: time = 13,492000 loss = 7,633900
Jackknife: leave wc2.1_2.5m_bio_13 out
Making features
makeFeatures: max memory 536870912, total allocated 270532608, free 126996384, used 143536224, increment 39657072
species wc2.1_2.5m_bio_13: 
Regularization values: linear/quadratic/product: 0.050, categorical: 0.250, threshold: 1.000, hinge: 0.500
204 samples
Density: max memory 536870912, total allocated 270532608, free 113501296, used 157031312, increment 13495088
linearPredictor: max memory 536870912, total allocated 270532608, free 113433920, used 157098688, increment 67376
FeaturedSpace: max memory 536870912, total allocated 270532608, free 113433920, used 157098688, increment 0
Sequential: max memory 536870912, total allocated 270532608, free 113433920, used 157098688, increment 0
Initial loss: 9.038365107236372
